<?xml version="1.0" encoding="UTF-8"?>
<testsuite xmlns:xsi="http://www.w3.org/2001/XMLSchema-instance" xsi:noNamespaceSchemaLocation="https://maven.apache.org/surefire/maven-surefire-plugin/xsd/surefire-test-report.xsd" version="3.0.2" name="com.aciworldwide.eccn_management_service.service.DocumentRecordServiceTest" time="0.148" tests="6" errors="0" skipped="0" failures="0">
  <properties>
[...]
</properties>
  <testcase name="testGetDocumentsByTypeAndModule" classname="com.aciworldwide.eccn_management_service.service.DocumentRecordServiceTest" time="0.115"/>
  <testcase name="testCreateDocumentVersion" classname="com.aciworldwide.eccn_management_service.service.DocumentRecordServiceTest" time="0.021"/>
  <testcase name="testCompareDocumentVersions" classname="com.aciworldwide.eccn_management_service.service.DocumentRecordServiceTest" time="0.012"/>
  <testcase name="testLinkDocuments" classname="com.aciworldwide.eccn_management_service.service.DocumentRecordServiceTest" time="0.0"/>
  <testcase name="testGenerateDocument" classname="com.aciworldwide.eccn_management_service.service.DocumentRecordServiceTest" time="0.0"/>
  <testcase name="testGetDocumentVersions" classname="com.aciworldwide.eccn_management_service.service.DocumentRecordServiceTest" time="0.0"/>
</testsuite>