<?xml version="1.0" encoding="UTF-8"?>
<testsuite xmlns:xsi="http://www.w3.org/2001/XMLSchema-instance" xsi:noNamespaceSchemaLocation="https://maven.apache.org/surefire/maven-surefire-plugin/xsd/surefire-test-report.xsd" version="3.0.2" name="com.aciworldwide.eccn_management_service.LoadBalancerTest" time="2.068" tests="2" errors="0" skipped="0" failures="0">
  <properties>
[...]
</properties>
  <testcase name="testServiceInstanceList" classname="com.aciworldwide.eccn_management_service.LoadBalancerTest" time="0.121">
    <system-out><![CDATA[2025-01-08T17:28:41.993-06:00  INFO 352189 --- [           main] t.c.s.AnnotationConfigContextLoaderUtils : Could not detect default configuration classes for test class [com.aciworldwide.eccn_management_service.LoadBalancerTest]: LoadBalancerTest does not declare any static, non-private, non-final, nested classes annotated with @Configuration.
2025-01-08T17:28:41.996-06:00  INFO 352189 --- [           main] .b.t.c.SpringBootTestContextBootstrapper : Found @SpringBootConfiguration com.aciworldwide.eccn_management_service.EccnManagementServiceApplication for test class com.aciworldwide.eccn_management_service.LoadBalancerTest
2025-01-08T17:28:42.000-06:00  INFO 352189 --- [           main] o.s.b.d.r.RestartApplicationListener     : Restart disabled due to context in which it is running

  .   ____          _            __ _ _
 /\\ / ___'_ __ _ _(_)_ __  __ _ \ \ \ \
( ( )\___ | '_ | '_| | '_ \/ _` | \ \ \ \
 \\/  ___)| |_)| | | | | || (_| |  ) ) ) )
  '  |____| .__|_| |_|_| |_\__, | / / / /
 =========|_|==============|___/=/_/_/_/

 :: Spring Boot ::                (v3.4.1)

2025-01-08T17:28:42.044-06:00  INFO 352189 --- [           main] c.a.e.LoadBalancerTest                   : Starting LoadBalancerTest using Java 21.0.5 with PID 352189 (started by username01 in /home/username01/IdeaProjects/eccn-management-service)
2025-01-08T17:28:42.044-06:00  INFO 352189 --- [           main] c.a.e.LoadBalancerTest                   : The following 1 profile is active: "test"
2025-01-08T17:28:42.286-06:00  INFO 352189 --- [           main] .s.d.r.c.RepositoryConfigurationDelegate : Bootstrapping Spring Data MongoDB repositories in DEFAULT mode.
2025-01-08T17:28:42.300-06:00  INFO 352189 --- [           main] .s.d.r.c.RepositoryConfigurationDelegate : Finished Spring Data repository scanning in 12 ms. Found 7 MongoDB repository interfaces.
2025-01-08T17:28:42.301-06:00  INFO 352189 --- [           main] o.s.b.f.s.DefaultListableBeanFactory     : Overriding bean definition for bean 'mongoAuditingHandler' with an equivalent definition: replacing [Root bean: class=org.springframework.data.auditing.IsNewAwareAuditingHandler; scope=; abstract=false; lazyInit=null; autowireMode=2; dependencyCheck=0; autowireCandidate=true; primary=false; fallback=false; factoryBeanName=null; factoryMethodName=from; initMethodNames=null; destroyMethodNames=null] with [Root bean: class=org.springframework.data.auditing.IsNewAwareAuditingHandler; scope=; abstract=false; lazyInit=null; autowireMode=2; dependencyCheck=0; autowireCandidate=true; primary=false; fallback=false; factoryBeanName=null; factoryMethodName=from; initMethodNames=null; destroyMethodNames=null]
2025-01-08T17:28:42.301-06:00  INFO 352189 --- [           main] o.s.b.f.s.DefaultListableBeanFactory     : Overriding bean definition for bean 'org.springframework.data.mongodb.core.mapping.event.AuditingEntityCallback' with an equivalent definition: replacing [Root bean: class=org.springframework.data.mongodb.core.mapping.event.AuditingEntityCallback; scope=; abstract=false; lazyInit=null; autowireMode=0; dependencyCheck=0; autowireCandidate=true; primary=false; fallback=false; factoryBeanName=null; factoryMethodName=null; initMethodNames=null; destroyMethodNames=null] with [Root bean: class=org.springframework.data.mongodb.core.mapping.event.AuditingEntityCallback; scope=; abstract=false; lazyInit=null; autowireMode=0; dependencyCheck=0; autowireCandidate=true; primary=false; fallback=false; factoryBeanName=null; factoryMethodName=null; initMethodNames=null; destroyMethodNames=null]
2025-01-08T17:28:42.528-06:00  INFO 352189 --- [           main] o.s.cloud.context.scope.GenericScope     : BeanFactory id=c3fba7b3-3da5-308b-b6aa-d76956e75ac5
2025-01-08T17:28:42.721-06:00  INFO 352189 --- [           main] o.s.b.w.embedded.tomcat.TomcatWebServer  : Tomcat initialized with port 0 (http)
2025-01-08T17:28:42.742-06:00  INFO 352189 --- [           main] o.apache.catalina.core.StandardService   : Starting service [Tomcat]
2025-01-08T17:28:42.743-06:00  INFO 352189 --- [           main] o.apache.catalina.core.StandardEngine    : Starting Servlet engine: [Apache Tomcat/10.1.34]
2025-01-08T17:28:42.813-06:00  INFO 352189 --- [           main] o.a.c.c.C.[Tomcat].[localhost].[/]       : Initializing Spring embedded WebApplicationContext
2025-01-08T17:28:42.813-06:00  INFO 352189 --- [           main] w.s.c.ServletWebServerApplicationContext : Root WebApplicationContext: initialization completed in 766 ms
2025-01-08T17:28:42.961-06:00  INFO 352189 --- [           main] org.mongodb.driver.client                : MongoClient with metadata {"driver": {"name": "mongo-java-driver|sync", "version": "5.2.1"}, "os": {"type": "Linux", "name": "Linux", "architecture": "amd64", "version": "6.11.0-13-generic"}, "platform": "Java/Ubuntu/21.0.5+11-Ubuntu-1ubuntu124.10"} created with settings MongoClientSettings{readPreference=primary, writeConcern=WriteConcern{w=null, wTimeout=null ms, journal=null}, retryWrites=true, retryReads=true, readConcern=ReadConcern{level=null}, credential=null, transportSettings=null, commandListeners=[], codecRegistry=ProvidersCodecRegistry{codecProviders=[ValueCodecProvider{}, BsonValueCodecProvider{}, DBRefCodecProvider{}, DBObjectCodecProvider{}, DocumentCodecProvider{}, CollectionCodecProvider{}, IterableCodecProvider{}, MapCodecProvider{}, GeoJsonCodecProvider{}, GridFSFileCodecProvider{}, Jsr310CodecProvider{}, JsonObjectCodecProvider{}, BsonCodecProvider{}, EnumCodecProvider{}, com.mongodb.client.model.mql.ExpressionCodecProvider@3549c070, com.mongodb.Jep395RecordCodecProvider@235dacd7, com.mongodb.KotlinCodecProvider@74070994]}, loggerSettings=LoggerSettings{maxDocumentLength=1000}, clusterSettings={hosts=[localhost:27017], srvServiceName=mongodb, mode=SINGLE, requiredClusterType=UNKNOWN, requiredReplicaSetName='null', serverSelector='null', clusterListeners='[]', serverSelectionTimeout='30000 ms', localThreshold='15 ms'}, socketSettings=SocketSettings{connectTimeoutMS=10000, readTimeoutMS=0, receiveBufferSize=0, proxySettings=ProxySettings{host=null, port=null, username=null, password=null}}, heartbeatSocketSettings=SocketSettings{connectTimeoutMS=10000, readTimeoutMS=10000, receiveBufferSize=0, proxySettings=ProxySettings{host=null, port=null, username=null, password=null}}, connectionPoolSettings=ConnectionPoolSettings{maxSize=100, minSize=0, maxWaitTimeMS=120000, maxConnectionLifeTimeMS=0, maxConnectionIdleTimeMS=0, maintenanceInitialDelayMS=0, maintenanceFrequencyMS=60000, connectionPoolListeners=[], maxConnecting=2}, serverSettings=ServerSettings{heartbeatFrequencyMS=10000, minHeartbeatFrequencyMS=500, serverMonitoringMode=AUTO, serverListeners='[]', serverMonitorListeners='[]'}, sslSettings=SslSettings{enabled=false, invalidHostNameAllowed=false, context=null}, applicationName='null', compressorList=[], uuidRepresentation=UNSPECIFIED, serverApi=null, autoEncryptionSettings=null, dnsClient=null, inetAddressResolver=null, contextProvider=null, timeoutMS=null}
2025-01-08T17:28:42.961-06:00  INFO 352189 --- [localhost:27017] org.mongodb.driver.cluster               : Exception in monitor thread while connecting to server localhost:27017

com.mongodb.MongoSocketOpenException: Exception opening socket
	at com.mongodb.internal.connection.SocketStream.lambda$open$0(SocketStream.java:85) ~[mongodb-driver-core-5.2.1.jar:na]
	at java.base/java.util.Optional.orElseThrow(Optional.java:403) ~[na:na]
	at com.mongodb.internal.connection.SocketStream.open(SocketStream.java:85) ~[mongodb-driver-core-5.2.1.jar:na]
	at com.mongodb.internal.connection.InternalStreamConnection.open(InternalStreamConnection.java:233) ~[mongodb-driver-core-5.2.1.jar:na]
	at com.mongodb.internal.connection.DefaultServerMonitor$ServerMonitor.lookupServerDescription(DefaultServerMonitor.java:219) ~[mongodb-driver-core-5.2.1.jar:na]
	at com.mongodb.internal.connection.DefaultServerMonitor$ServerMonitor.run(DefaultServerMonitor.java:176) ~[mongodb-driver-core-5.2.1.jar:na]
Caused by: java.net.ConnectException: Connection refused
	at java.base/sun.nio.ch.Net.pollConnect(Native Method) ~[na:na]
	at java.base/sun.nio.ch.Net.pollConnectNow(Net.java:682) ~[na:na]
	at java.base/sun.nio.ch.NioSocketImpl.timedFinishConnect(NioSocketImpl.java:542) ~[na:na]
	at java.base/sun.nio.ch.NioSocketImpl.connect(NioSocketImpl.java:592) ~[na:na]
	at java.base/java.net.SocksSocketImpl.connect(SocksSocketImpl.java:327) ~[na:na]
	at java.base/java.net.Socket.connect(Socket.java:751) ~[na:na]
	at com.mongodb.internal.connection.SocketStreamHelper.initialize(SocketStreamHelper.java:76) ~[mongodb-driver-core-5.2.1.jar:na]
	at com.mongodb.internal.connection.SocketStream.initializeSocket(SocketStream.java:104) ~[mongodb-driver-core-5.2.1.jar:na]
	at com.mongodb.internal.connection.SocketStream.open(SocketStream.java:79) ~[mongodb-driver-core-5.2.1.jar:na]
	... 3 common frames omitted

2025-01-08T17:28:43.518-06:00  WARN 352189 --- [           main] .s.s.UserDetailsServiceAutoConfiguration : 

Using generated security password: 6605914f-100c-43d1-9800-6e49c6a148cd

This generated password is for development use only. Your security configuration must be updated before running your application in production.

2025-01-08T17:28:43.521-06:00  INFO 352189 --- [           main] r$InitializeUserDetailsManagerConfigurer : Global AuthenticationManager configured with UserDetailsService bean with name inMemoryUserDetailsManager
2025-01-08T17:28:43.580-06:00  INFO 352189 --- [           main] o.s.b.a.e.web.EndpointLinksResolver      : Exposing 2 endpoints beneath base path '/actuator'
2025-01-08T17:28:43.897-06:00  INFO 352189 --- [           main] o.s.b.w.embedded.tomcat.TomcatWebServer  : Tomcat started on port 38483 (http) with context path '/'
2025-01-08T17:28:43.923-06:00  INFO 352189 --- [           main] c.a.e.LoadBalancerTest                   : Started LoadBalancerTest in 1.922 seconds (process running for 11.686)
]]></system-out>
  </testcase>
  <testcase name="testServiceId" classname="com.aciworldwide.eccn_management_service.LoadBalancerTest" time="0.008"/>
</testsuite>